<?xml version="1.0" encoding="UTF-8" ?>
<testsuite errors="3" failures="0" hostname="DESKTOP-RO89UOI" name="simpledb.BTreeFileInsertTest" skipped="0" tests="3" time="0.13" timestamp="2022-06-22T07:37:31">
  <properties>
    <property name="testd" value="D:\GitHub\6.830\simple-db-hw-2021\test" />
    <property name="ant.library.dir" value="C:\Program Files\JetBrains\IntelliJ IDEA Community Edition 2021.2.3\lib\ant\lib" />
    <property name="sourceversion" value="1.8" />
    <property name="ant.file.type" value="file" />
    <property name="java.specification.version" value="18" />
    <property name="lib" value="D:\GitHub\6.830\simple-db-hw-2021\lib" />
    <property name="ant.project.name" value="simpledb" />
    <property name="sun.cpu.isalist" value="amd64" />
    <property name="sun.jnu.encoding" value="Cp1252" />
    <property name="java.class.path" value="D:\GitHub\6.830\simple-db-hw-2021\bin\src;D:\GitHub\6.830\simple-db-hw-2021\lib\zql.jar;D:\GitHub\6.830\simple-db-hw-2021\lib\jline-0.9.94.jar;D:\GitHub\6.830\simple-db-hw-2021\bin\test;D:\GitHub\6.830\simple-db-hw-2021\lib\junit-4.13.1.jar;D:\GitHub\6.830\simple-db-hw-2021\lib\hamcrest-core-1.3.jar;C:\Program Files\JetBrains\IntelliJ IDEA Community Edition 2021.2.3\lib\ant\lib\ant-launcher.jar;C:\Program Files\JetBrains\IntelliJ IDEA Community Edition 2021.2.3\lib\ant\lib\ant.jar;C:\Program Files\JetBrains\IntelliJ IDEA Community Edition 2021.2.3\lib\ant\lib\ant-junit.jar;C:\Program Files\JetBrains\IntelliJ IDEA Community Edition 2021.2.3\lib\ant\lib\ant-junit4.jar" />
    <property name="dist" value="D:\GitHub\6.830\simple-db-hw-2021\dist" />
    <property name="build.src" value="D:\GitHub\6.830\simple-db-hw-2021\bin\src" />
    <property name="junit.failed" value="true" />
    <property name="java.vm.vendor" value="Oracle Corporation" />
    <property name="ant.file.simpledb" value="D:\GitHub\6.830\simple-db-hw-2021\build.xml" />
    <property name="sun.arch.data.model" value="64" />
    <property name="test.reports" value="D:\GitHub\6.830\simple-db-hw-2021\testreport" />
    <property name="compile.debug" value="true" />
    <property name="user.variant" value="" />
    <property name="java.vendor.url" value="https://java.oracle.com/" />
    <property name="java.vm.specification.version" value="18" />
    <property name="os.name" value="Windows 10" />
    <property name="sun.java.launcher" value="SUN_STANDARD" />
    <property name="user.country" value="US" />
    <property name="sun.boot.library.path" value="C:\Users\ljc14\Downloads\openjdk-18-ea+20_windows-x64_bin\jdk-18\bin" />
    <property name="sun.java.command" value="org.apache.tools.ant.taskdefs.optional.junit.JUnitTestRunner simpledb.BTreeFileInsertTest skipNonTests=false filtertrace=true haltOnError=false haltOnFailure=false formatter=org.apache.tools.ant.taskdefs.optional.junit.SummaryJUnitResultFormatter showoutput=false outputtoformatters=true logfailedtests=true threadid=0 logtestlistenerevents=false formatter=org.apache.tools.ant.taskdefs.optional.junit.PlainJUnitResultFormatter formatter=org.apache.tools.ant.taskdefs.optional.junit.XMLJUnitResultFormatter,D:\GitHub\6.830\simple-db-hw-2021\testreport\TEST-simpledb.BTreeFileInsertTest.xml formatter=org.apache.tools.ant.taskdefs.optional.junit.PlainJUnitResultFormatter,D:\GitHub\6.830\simple-db-hw-2021\testreport\TEST-simpledb.BTreeFileInsertTest.txt crashfile=D:\GitHub\6.830\simple-db-hw-2021\junitvmwatcher16310483877880899357.properties propsfile=D:\GitHub\6.830\simple-db-hw-2021\junit14200238586962228896.properties" />
    <property name="jdk.debug" value="release" />
    <property name="sun.cpu.endian" value="little" />
    <property name="user.home" value="C:\Users\ljc14" />
    <property name="user.language" value="en" />
    <property name="java.specification.vendor" value="Oracle Corporation" />
    <property name="java.version.date" value="2022-03-15" />
    <property name="java.home" value="C:\Users\ljc14\Downloads\openjdk-18-ea+20_windows-x64_bin\jdk-18" />
    <property name="basedir" value="D:\GitHub\6.830\simple-db-hw-2021" />
    <property name="file.separator" value="\" />
    <property name="java.vm.compressedOopsMode" value="32-bit" />
    <property name="line.separator" value="&#xd;&#xa;" />
    <property name="ant.java.version" value="18" />
    <property name="java.specification.name" value="Java Platform API Specification" />
    <property name="java.vm.specification.vendor" value="Oracle Corporation" />
    <property name="doc" value="D:\GitHub\6.830\simple-db-hw-2021\javadoc" />
    <property name="user.script" value="" />
    <property name="sun.management.compiler" value="HotSpot 64-Bit Tiered Compilers" />
    <property name="jarfile" value="D:\GitHub\6.830\simple-db-hw-2021\dist\simpledb.jar" />
    <property name="java.runtime.version" value="18-ea+20-1248" />
    <property name="user.name" value="ljc14" />
    <property name="ant.file" value="D:\GitHub\6.830\simple-db-hw-2021\build.xml" />
    <property name="path.separator" value=";" />
    <property name="os.version" value="10.0" />
    <property name="build.test" value="D:\GitHub\6.830\simple-db-hw-2021\bin\test" />
    <property name="java.runtime.name" value="OpenJDK Runtime Environment" />
    <property name="file.encoding" value="UTF-8" />
    <property name="ant.project.invoked-targets" value="test-report" />
    <property name="java.vm.name" value="OpenJDK 64-Bit Server VM" />
    <property name="depcache" value="D:\GitHub\6.830\simple-db-hw-2021\bin\depcache" />
    <property name="ant.core.lib" value="C:\Program Files\JetBrains\IntelliJ IDEA Community Edition 2021.2.3\lib\ant\lib\ant.jar" />
    <property name="java.vendor.url.bug" value="https://bugreport.java.com/bugreport/" />
    <property name="java.io.tmpdir" value="C:\Users\ljc14\AppData\Local\Temp\" />
    <property name="java.version" value="18-ea" />
    <property name="src" value="D:\GitHub\6.830\simple-db-hw-2021\src" />
    <property name="user.dir" value="D:\GitHub\6.830\simple-db-hw-2021" />
    <property name="os.arch" value="amd64" />
    <property name="java.vm.specification.name" value="Java Virtual Machine Specification" />
    <property name="ant.home" value="C:\Program Files\JetBrains\IntelliJ IDEA Community Edition 2021.2.3\lib\ant" />
    <property name="ant.file.type.simpledb" value="file" />
    <property name="sun.os.patch.level" value="" />
    <property name="native.encoding" value="Cp1252" />
    <property name="ant.version" value="Apache Ant(TM) version 1.10.5 compiled on July 10 2018" />
    <property name="java.library.path" value="C:\Users\ljc14\Downloads\openjdk-18-ea+20_windows-x64_bin\jdk-18\bin;C:\Windows\Sun\Java\bin;C:\Windows\system32;C:\Windows;C:\Python39\Scripts\;C:\Python39\;C:\Windows\system32;C:\Windows;C:\Windows\System32\Wbem;C:\Windows\System32\WindowsPowerShell\v1.0\;C:\Windows\System32\OpenSSH\;C:\Program Files (x86)\NVIDIA Corporation\PhysX\Common;C:\Program Files\NVIDIA Corporation\NVIDIA NvDLISR;C:\Program Files\Git\cmd;C:\ProgramData\chocolatey\bin;C:\Program Files\mingw-w64\x86_64-8.1.0-win32-seh-rt_v6-rev0\mingw64\bin;C:\Users\ljc14\Downloads\apache-ant-1.9.16-bin\apache-ant-1.9.16\bin;C:\Users\ljc14\Downloads\openjdk-18-ea+20_windows-x64_bin\jdk-18\bin;C:\Program Files\nodejs\;C:\Program Files (x86)\Tesseract-OCR;C:\Program Files\dotnet\;C:\Users\ljc14\AppData\Local\Microsoft\WindowsApps;D:\Microsoft VS Code\bin;C:\Program Files\mingw-w64\x86_64-8.1.0-win32-seh-rt_v6-rev0\mingw64\bin;;C:\Program Files\JetBrains\IntelliJ IDEA Community Edition 2021.2.3\bin;;C:\Users\ljc14\AppData\Roaming\npm;C:\Program Files\heroku\bin;." />
    <property name="java.vm.info" value="mixed mode, sharing" />
    <property name="java.vendor" value="Oracle Corporation" />
    <property name="build" value="D:\GitHub\6.830\simple-db-hw-2021\bin" />
    <property name="java.vm.version" value="18-ea+20-1248" />
    <property name="sun.io.unicode.encoding" value="UnicodeLittle" />
    <property name="java.class.version" value="62.0" />
    <property name="ant.project.default-target" value="dist" />
  </properties>
  <testcase classname="simpledb.BTreeFileInsertTest" name="testReusePage" time="0.049">
    <error message="Cannot invoke &quot;simpledb.index.BTreeRootPtrPage.getHeaderId()&quot; because &quot;rootPtr&quot; is null" type="java.lang.NullPointerException">java.lang.NullPointerException: Cannot invoke &quot;simpledb.index.BTreeRootPtrPage.getHeaderId()&quot; because &quot;rootPtr&quot; is null
	at simpledb.index.BTreeFile.setEmptyPage(BTreeFile.java:983)
	at simpledb.BTreeFileInsertTest.testReusePage(BTreeFileInsertTest.java:150)
	at java.base/jdk.internal.reflect.NativeMethodAccessorImpl.invoke0(Native Method)
	at java.base/jdk.internal.reflect.NativeMethodAccessorImpl.invoke(NativeMethodAccessorImpl.java:76)
	at java.base/jdk.internal.reflect.DelegatingMethodAccessorImpl.invoke(DelegatingMethodAccessorImpl.java:51)
</error>
  </testcase>
  <testcase classname="simpledb.BTreeFileInsertTest" name="testSplitInternalPages" time="0.008">
    <error message="Cannot invoke &quot;simpledb.storage.TupleDesc.getFieldType(int)&quot; because &quot;this.td&quot; is null" type="java.lang.NullPointerException">java.lang.NullPointerException: Cannot invoke &quot;simpledb.storage.TupleDesc.getFieldType(int)&quot; because &quot;this.td&quot; is null
	at simpledb.index.BTreeInternalPage.getMaxEntries(BTreeInternalPage.java:123)
	at simpledb.index.BTreeInternalPage.&lt;init&gt;(BTreeInternalPage.java:75)
	at simpledb.index.BTreeUtility.createRandomInternalPage(BTreeUtility.java:363)
	at simpledb.index.BTreeUtility.createRandomInternalPage(BTreeUtility.java:345)
	at simpledb.BTreeFileInsertTest.testSplitInternalPages(BTreeFileInsertTest.java:101)
	at java.base/jdk.internal.reflect.NativeMethodAccessorImpl.invoke0(Native Method)
	at java.base/jdk.internal.reflect.NativeMethodAccessorImpl.invoke(NativeMethodAccessorImpl.java:76)
	at java.base/jdk.internal.reflect.DelegatingMethodAccessorImpl.invoke(DelegatingMethodAccessorImpl.java:51)
</error>
  </testcase>
  <testcase classname="simpledb.BTreeFileInsertTest" name="testSplitLeafPages" time="0.004">
    <error message="Cannot invoke &quot;simpledb.storage.Field.compare(simpledb.execution.Predicate$Op, simpledb.storage.Field)&quot; because the return value of &quot;simpledb.storage.Tuple.getField(int)&quot; is null" type="java.lang.NullPointerException">java.lang.NullPointerException: Cannot invoke &quot;simpledb.storage.Field.compare(simpledb.execution.Predicate$Op, simpledb.storage.Field)&quot; because the return value of &quot;simpledb.storage.Tuple.getField(int)&quot; is null
	at simpledb.index.BTreeFileEncoder$TupleComparator.compare(BTreeFileEncoder.java:134)
	at simpledb.index.BTreeFileEncoder$TupleComparator.compare(BTreeFileEncoder.java:115)
	at java.base/java.util.TimSort.countRunAndMakeAscending(TimSort.java:355)
	at java.base/java.util.TimSort.sort(TimSort.java:234)
	at java.base/java.util.Arrays.sort(Arrays.java:1307)
	at java.base/java.util.ArrayList.sort(ArrayList.java:1721)
	at simpledb.index.BTreeFileEncoder.convertToLeafPage(BTreeFileEncoder.java:554)
	at simpledb.index.BTreeUtility.createRandomLeafPage(BTreeUtility.java:316)
	at simpledb.index.BTreeUtility.createRandomLeafPage(BTreeUtility.java:299)
	at simpledb.BTreeFileInsertTest.testSplitLeafPages(BTreeFileInsertTest.java:51)
	at java.base/jdk.internal.reflect.NativeMethodAccessorImpl.invoke0(Native Method)
	at java.base/jdk.internal.reflect.NativeMethodAccessorImpl.invoke(NativeMethodAccessorImpl.java:76)
	at java.base/jdk.internal.reflect.DelegatingMethodAccessorImpl.invoke(DelegatingMethodAccessorImpl.java:51)
</error>
  </testcase>
  <system-out><![CDATA[]]></system-out>
  <system-err><![CDATA[]]></system-err>
</testsuite>
