<?xml version="1.0" encoding="UTF-8" ?>
<testsuite errors="10" failures="0" hostname="DESKTOP-RO89UOI" name="simpledb.systemtest.LogTest" skipped="0" tests="10" time="0.117" timestamp="2022-06-22T07:37:46">
  <properties>
    <property name="testd" value="D:\GitHub\6.830\simple-db-hw-2021\test" />
    <property name="ant.library.dir" value="C:\Program Files\JetBrains\IntelliJ IDEA Community Edition 2021.2.3\lib\ant\lib" />
    <property name="sourceversion" value="1.8" />
    <property name="ant.file.type" value="file" />
    <property name="java.specification.version" value="18" />
    <property name="lib" value="D:\GitHub\6.830\simple-db-hw-2021\lib" />
    <property name="ant.project.name" value="simpledb" />
    <property name="sun.cpu.isalist" value="amd64" />
    <property name="sun.jnu.encoding" value="Cp1252" />
    <property name="java.class.path" value="D:\GitHub\6.830\simple-db-hw-2021\bin\src;D:\GitHub\6.830\simple-db-hw-2021\lib\zql.jar;D:\GitHub\6.830\simple-db-hw-2021\lib\jline-0.9.94.jar;D:\GitHub\6.830\simple-db-hw-2021\bin\test;D:\GitHub\6.830\simple-db-hw-2021\lib\junit-4.13.1.jar;D:\GitHub\6.830\simple-db-hw-2021\lib\hamcrest-core-1.3.jar;C:\Program Files\JetBrains\IntelliJ IDEA Community Edition 2021.2.3\lib\ant\lib\ant-launcher.jar;C:\Program Files\JetBrains\IntelliJ IDEA Community Edition 2021.2.3\lib\ant\lib\ant.jar;C:\Program Files\JetBrains\IntelliJ IDEA Community Edition 2021.2.3\lib\ant\lib\ant-junit.jar;C:\Program Files\JetBrains\IntelliJ IDEA Community Edition 2021.2.3\lib\ant\lib\ant-junit4.jar" />
    <property name="dist" value="D:\GitHub\6.830\simple-db-hw-2021\dist" />
    <property name="build.src" value="D:\GitHub\6.830\simple-db-hw-2021\bin\src" />
    <property name="junit.failed" value="true" />
    <property name="java.vm.vendor" value="Oracle Corporation" />
    <property name="ant.file.simpledb" value="D:\GitHub\6.830\simple-db-hw-2021\build.xml" />
    <property name="sun.arch.data.model" value="64" />
    <property name="test.reports" value="D:\GitHub\6.830\simple-db-hw-2021\testreport" />
    <property name="compile.debug" value="true" />
    <property name="user.variant" value="" />
    <property name="java.vendor.url" value="https://java.oracle.com/" />
    <property name="java.vm.specification.version" value="18" />
    <property name="os.name" value="Windows 10" />
    <property name="sun.java.launcher" value="SUN_STANDARD" />
    <property name="user.country" value="US" />
    <property name="sun.boot.library.path" value="C:\Users\ljc14\Downloads\openjdk-18-ea+20_windows-x64_bin\jdk-18\bin" />
    <property name="sun.java.command" value="org.apache.tools.ant.taskdefs.optional.junit.JUnitTestRunner simpledb.systemtest.LogTest skipNonTests=false filtertrace=true haltOnError=false haltOnFailure=false formatter=org.apache.tools.ant.taskdefs.optional.junit.SummaryJUnitResultFormatter showoutput=false outputtoformatters=true logfailedtests=true threadid=0 logtestlistenerevents=false formatter=org.apache.tools.ant.taskdefs.optional.junit.PlainJUnitResultFormatter formatter=org.apache.tools.ant.taskdefs.optional.junit.XMLJUnitResultFormatter,D:\GitHub\6.830\simple-db-hw-2021\testreport\TEST-simpledb.systemtest.LogTest.xml formatter=org.apache.tools.ant.taskdefs.optional.junit.PlainJUnitResultFormatter,D:\GitHub\6.830\simple-db-hw-2021\testreport\TEST-simpledb.systemtest.LogTest.txt crashfile=D:\GitHub\6.830\simple-db-hw-2021\junitvmwatcher9720231255066549558.properties propsfile=D:\GitHub\6.830\simple-db-hw-2021\junit14325882749733447664.properties" />
    <property name="jdk.debug" value="release" />
    <property name="sun.cpu.endian" value="little" />
    <property name="user.home" value="C:\Users\ljc14" />
    <property name="user.language" value="en" />
    <property name="java.specification.vendor" value="Oracle Corporation" />
    <property name="java.version.date" value="2022-03-15" />
    <property name="java.home" value="C:\Users\ljc14\Downloads\openjdk-18-ea+20_windows-x64_bin\jdk-18" />
    <property name="basedir" value="D:\GitHub\6.830\simple-db-hw-2021" />
    <property name="file.separator" value="\" />
    <property name="java.vm.compressedOopsMode" value="32-bit" />
    <property name="line.separator" value="&#xd;&#xa;" />
    <property name="ant.java.version" value="18" />
    <property name="java.specification.name" value="Java Platform API Specification" />
    <property name="java.vm.specification.vendor" value="Oracle Corporation" />
    <property name="doc" value="D:\GitHub\6.830\simple-db-hw-2021\javadoc" />
    <property name="user.script" value="" />
    <property name="sun.management.compiler" value="HotSpot 64-Bit Tiered Compilers" />
    <property name="jarfile" value="D:\GitHub\6.830\simple-db-hw-2021\dist\simpledb.jar" />
    <property name="java.runtime.version" value="18-ea+20-1248" />
    <property name="user.name" value="ljc14" />
    <property name="ant.file" value="D:\GitHub\6.830\simple-db-hw-2021\build.xml" />
    <property name="path.separator" value=";" />
    <property name="os.version" value="10.0" />
    <property name="build.test" value="D:\GitHub\6.830\simple-db-hw-2021\bin\test" />
    <property name="java.runtime.name" value="OpenJDK Runtime Environment" />
    <property name="file.encoding" value="UTF-8" />
    <property name="ant.project.invoked-targets" value="test-report" />
    <property name="java.vm.name" value="OpenJDK 64-Bit Server VM" />
    <property name="depcache" value="D:\GitHub\6.830\simple-db-hw-2021\bin\depcache" />
    <property name="ant.core.lib" value="C:\Program Files\JetBrains\IntelliJ IDEA Community Edition 2021.2.3\lib\ant\lib\ant.jar" />
    <property name="java.vendor.url.bug" value="https://bugreport.java.com/bugreport/" />
    <property name="java.io.tmpdir" value="C:\Users\ljc14\AppData\Local\Temp\" />
    <property name="java.version" value="18-ea" />
    <property name="src" value="D:\GitHub\6.830\simple-db-hw-2021\src" />
    <property name="user.dir" value="D:\GitHub\6.830\simple-db-hw-2021" />
    <property name="os.arch" value="amd64" />
    <property name="java.vm.specification.name" value="Java Virtual Machine Specification" />
    <property name="ant.home" value="C:\Program Files\JetBrains\IntelliJ IDEA Community Edition 2021.2.3\lib\ant" />
    <property name="ant.file.type.simpledb" value="file" />
    <property name="sun.os.patch.level" value="" />
    <property name="native.encoding" value="Cp1252" />
    <property name="ant.version" value="Apache Ant(TM) version 1.10.5 compiled on July 10 2018" />
    <property name="java.library.path" value="C:\Users\ljc14\Downloads\openjdk-18-ea+20_windows-x64_bin\jdk-18\bin;C:\Windows\Sun\Java\bin;C:\Windows\system32;C:\Windows;C:\Python39\Scripts\;C:\Python39\;C:\Windows\system32;C:\Windows;C:\Windows\System32\Wbem;C:\Windows\System32\WindowsPowerShell\v1.0\;C:\Windows\System32\OpenSSH\;C:\Program Files (x86)\NVIDIA Corporation\PhysX\Common;C:\Program Files\NVIDIA Corporation\NVIDIA NvDLISR;C:\Program Files\Git\cmd;C:\ProgramData\chocolatey\bin;C:\Program Files\mingw-w64\x86_64-8.1.0-win32-seh-rt_v6-rev0\mingw64\bin;C:\Users\ljc14\Downloads\apache-ant-1.9.16-bin\apache-ant-1.9.16\bin;C:\Users\ljc14\Downloads\openjdk-18-ea+20_windows-x64_bin\jdk-18\bin;C:\Program Files\nodejs\;C:\Program Files (x86)\Tesseract-OCR;C:\Program Files\dotnet\;C:\Users\ljc14\AppData\Local\Microsoft\WindowsApps;D:\Microsoft VS Code\bin;C:\Program Files\mingw-w64\x86_64-8.1.0-win32-seh-rt_v6-rev0\mingw64\bin;;C:\Program Files\JetBrains\IntelliJ IDEA Community Edition 2021.2.3\bin;;C:\Users\ljc14\AppData\Roaming\npm;C:\Program Files\heroku\bin;." />
    <property name="java.vm.info" value="mixed mode, sharing" />
    <property name="java.vendor" value="Oracle Corporation" />
    <property name="build" value="D:\GitHub\6.830\simple-db-hw-2021\bin" />
    <property name="java.vm.version" value="18-ea+20-1248" />
    <property name="sun.io.unicode.encoding" value="UnicodeLittle" />
    <property name="java.class.version" value="62.0" />
    <property name="ant.project.default-target" value="dist" />
  </properties>
  <testcase classname="simpledb.systemtest.LogTest" name="TestCommitAbortCommitCrash" time="0.042">
    <error message="implement this" type="java.lang.UnsupportedOperationException">java.lang.UnsupportedOperationException: implement this
	at simpledb.storage.HeapFile.getId(HeapFile.java:57)
	at simpledb.common.Utility.createEmptyHeapFile(Utility.java:114)
	at simpledb.systemtest.LogTest.setup(LogTest.java:133)
	at simpledb.systemtest.LogTest.TestCommitAbortCommitCrash(LogTest.java:285)
	at java.base/jdk.internal.reflect.NativeMethodAccessorImpl.invoke0(Native Method)
	at java.base/jdk.internal.reflect.NativeMethodAccessorImpl.invoke(NativeMethodAccessorImpl.java:76)
	at java.base/jdk.internal.reflect.DelegatingMethodAccessorImpl.invoke(DelegatingMethodAccessorImpl.java:51)
</error>
  </testcase>
  <testcase classname="simpledb.systemtest.LogTest" name="TestOpenCrash" time="0.002">
    <error message="implement this" type="java.lang.UnsupportedOperationException">java.lang.UnsupportedOperationException: implement this
	at simpledb.storage.HeapFile.getId(HeapFile.java:57)
	at simpledb.common.Utility.createEmptyHeapFile(Utility.java:114)
	at simpledb.systemtest.LogTest.setup(LogTest.java:133)
	at simpledb.systemtest.LogTest.TestOpenCrash(LogTest.java:325)
	at java.base/jdk.internal.reflect.NativeMethodAccessorImpl.invoke0(Native Method)
	at java.base/jdk.internal.reflect.NativeMethodAccessorImpl.invoke(NativeMethodAccessorImpl.java:76)
	at java.base/jdk.internal.reflect.DelegatingMethodAccessorImpl.invoke(DelegatingMethodAccessorImpl.java:51)
</error>
  </testcase>
  <testcase classname="simpledb.systemtest.LogTest" name="TestFlushAll" time="0.001">
    <error message="implement this" type="java.lang.UnsupportedOperationException">java.lang.UnsupportedOperationException: implement this
	at simpledb.storage.HeapFile.getId(HeapFile.java:57)
	at simpledb.common.Utility.createEmptyHeapFile(Utility.java:114)
	at simpledb.systemtest.LogTest.setup(LogTest.java:133)
	at simpledb.systemtest.LogTest.TestFlushAll(LogTest.java:165)
	at java.base/jdk.internal.reflect.NativeMethodAccessorImpl.invoke0(Native Method)
	at java.base/jdk.internal.reflect.NativeMethodAccessorImpl.invoke(NativeMethodAccessorImpl.java:76)
	at java.base/jdk.internal.reflect.DelegatingMethodAccessorImpl.invoke(DelegatingMethodAccessorImpl.java:51)
</error>
  </testcase>
  <testcase classname="simpledb.systemtest.LogTest" name="TestCommitCrash" time="0.002">
    <error message="implement this" type="java.lang.UnsupportedOperationException">java.lang.UnsupportedOperationException: implement this
	at simpledb.storage.HeapFile.getId(HeapFile.java:57)
	at simpledb.common.Utility.createEmptyHeapFile(Utility.java:114)
	at simpledb.systemtest.LogTest.setup(LogTest.java:133)
	at simpledb.systemtest.LogTest.TestCommitCrash(LogTest.java:184)
	at java.base/jdk.internal.reflect.NativeMethodAccessorImpl.invoke0(Native Method)
	at java.base/jdk.internal.reflect.NativeMethodAccessorImpl.invoke(NativeMethodAccessorImpl.java:76)
	at java.base/jdk.internal.reflect.DelegatingMethodAccessorImpl.invoke(DelegatingMethodAccessorImpl.java:51)
</error>
  </testcase>
  <testcase classname="simpledb.systemtest.LogTest" name="TestOpenCommitOpenCrash" time="0.001">
    <error message="implement this" type="java.lang.UnsupportedOperationException">java.lang.UnsupportedOperationException: implement this
	at simpledb.storage.HeapFile.getId(HeapFile.java:57)
	at simpledb.common.Utility.createEmptyHeapFile(Utility.java:114)
	at simpledb.systemtest.LogTest.setup(LogTest.java:133)
	at simpledb.systemtest.LogTest.TestOpenCommitOpenCrash(LogTest.java:351)
	at java.base/jdk.internal.reflect.NativeMethodAccessorImpl.invoke0(Native Method)
	at java.base/jdk.internal.reflect.NativeMethodAccessorImpl.invoke(NativeMethodAccessorImpl.java:76)
	at java.base/jdk.internal.reflect.DelegatingMethodAccessorImpl.invoke(DelegatingMethodAccessorImpl.java:51)
</error>
  </testcase>
  <testcase classname="simpledb.systemtest.LogTest" name="TestAbort" time="0.001">
    <error message="implement this" type="java.lang.UnsupportedOperationException">java.lang.UnsupportedOperationException: implement this
	at simpledb.storage.HeapFile.getId(HeapFile.java:57)
	at simpledb.common.Utility.createEmptyHeapFile(Utility.java:114)
	at simpledb.systemtest.LogTest.setup(LogTest.java:133)
	at simpledb.systemtest.LogTest.TestAbort(LogTest.java:203)
	at java.base/jdk.internal.reflect.NativeMethodAccessorImpl.invoke0(Native Method)
	at java.base/jdk.internal.reflect.NativeMethodAccessorImpl.invoke(NativeMethodAccessorImpl.java:76)
	at java.base/jdk.internal.reflect.DelegatingMethodAccessorImpl.invoke(DelegatingMethodAccessorImpl.java:51)
</error>
  </testcase>
  <testcase classname="simpledb.systemtest.LogTest" name="TestAbortCommitInterleaved" time="0.002">
    <error message="implement this" type="java.lang.UnsupportedOperationException">java.lang.UnsupportedOperationException: implement this
	at simpledb.storage.HeapFile.getId(HeapFile.java:57)
	at simpledb.common.Utility.createEmptyHeapFile(Utility.java:114)
	at simpledb.systemtest.LogTest.setup(LogTest.java:133)
	at simpledb.systemtest.LogTest.TestAbortCommitInterleaved(LogTest.java:223)
	at java.base/jdk.internal.reflect.NativeMethodAccessorImpl.invoke0(Native Method)
	at java.base/jdk.internal.reflect.NativeMethodAccessorImpl.invoke(NativeMethodAccessorImpl.java:76)
	at java.base/jdk.internal.reflect.DelegatingMethodAccessorImpl.invoke(DelegatingMethodAccessorImpl.java:51)
</error>
  </testcase>
  <testcase classname="simpledb.systemtest.LogTest" name="TestOpenCommitCheckpointOpenCrash" time="0.001">
    <error message="implement this" type="java.lang.UnsupportedOperationException">java.lang.UnsupportedOperationException: implement this
	at simpledb.storage.HeapFile.getId(HeapFile.java:57)
	at simpledb.common.Utility.createEmptyHeapFile(Utility.java:114)
	at simpledb.systemtest.LogTest.setup(LogTest.java:133)
	at simpledb.systemtest.LogTest.TestOpenCommitCheckpointOpenCrash(LogTest.java:392)
	at java.base/jdk.internal.reflect.NativeMethodAccessorImpl.invoke0(Native Method)
	at java.base/jdk.internal.reflect.NativeMethodAccessorImpl.invoke(NativeMethodAccessorImpl.java:76)
	at java.base/jdk.internal.reflect.DelegatingMethodAccessorImpl.invoke(DelegatingMethodAccessorImpl.java:51)
</error>
  </testcase>
  <testcase classname="simpledb.systemtest.LogTest" name="TestAbortCrash" time="0.001">
    <error message="implement this" type="java.lang.UnsupportedOperationException">java.lang.UnsupportedOperationException: implement this
	at simpledb.storage.HeapFile.getId(HeapFile.java:57)
	at simpledb.common.Utility.createEmptyHeapFile(Utility.java:114)
	at simpledb.systemtest.LogTest.setup(LogTest.java:133)
	at simpledb.systemtest.LogTest.TestAbortCrash(LogTest.java:256)
	at java.base/jdk.internal.reflect.NativeMethodAccessorImpl.invoke0(Native Method)
	at java.base/jdk.internal.reflect.NativeMethodAccessorImpl.invoke(NativeMethodAccessorImpl.java:76)
	at java.base/jdk.internal.reflect.DelegatingMethodAccessorImpl.invoke(DelegatingMethodAccessorImpl.java:51)
</error>
  </testcase>
  <testcase classname="simpledb.systemtest.LogTest" name="PatchTest" time="0.001">
    <error message="implement this" type="java.lang.UnsupportedOperationException">java.lang.UnsupportedOperationException: implement this
	at simpledb.storage.HeapFile.getId(HeapFile.java:57)
	at simpledb.common.Utility.createEmptyHeapFile(Utility.java:114)
	at simpledb.systemtest.LogTest.setup(LogTest.java:133)
	at simpledb.systemtest.LogTest.PatchTest(LogTest.java:139)
	at java.base/jdk.internal.reflect.NativeMethodAccessorImpl.invoke0(Native Method)
	at java.base/jdk.internal.reflect.NativeMethodAccessorImpl.invoke(NativeMethodAccessorImpl.java:76)
	at java.base/jdk.internal.reflect.DelegatingMethodAccessorImpl.invoke(DelegatingMethodAccessorImpl.java:51)
</error>
  </testcase>
  <system-out><![CDATA[]]></system-out>
  <system-err><![CDATA[]]></system-err>
</testsuite>
